# JRE version: Java(TM) SE Runtime Environment (8.0_40-b25) (build 1.8.0_40-b25)
# Java VM: Java HotSpot(TM) 64-Bit Server VM (25.40-b25 mixed mode linux-amd64 compressed oops)
Heap:
 PSYoungGen      total 303104K, used 2965K [0x00000000e1400000, 0x00000000f4d00000, 0x0000000100000000)
  eden space 298496K, 0% used [0x00000000e1400000,0x00000000e1400000,0x00000000f3780000)
  from space 4608K, 64% used [0x00000000f3780000,0x00000000f3a65588,0x00000000f3c00000)
  to   space 4608K, 0% used [0x00000000f3c00000,0x00000000f3c00000,0x00000000f4080000)
 ParOldGen       total 56320K, used 11677K [0x00000000a3c00000, 0x00000000a7300000, 0x00000000e1400000)
  object space 56320K, 20% used [0x00000000a3c00000,0x00000000a4767640,0x00000000a7300000)
 Metaspace       used 22975K, capacity 24636K, committed 24704K, reserved 1071104K
  class space    used 3110K, capacity 3397K, committed 3456K, reserved 1048576K
GC Heap History (10 events):
Event: 189,069 GC heap after
Heap after GC invocations=25 (full 1):
 PSYoungGen      total 243712K, used 2268K [0x00000000e1400000, 0x00000000f0a80000, 0x0000000100000000)
  eden space 241152K, 0% used [0x00000000e1400000,0x00000000e1400000,0x00000000eff80000)
  from space 2560K, 88% used [0x00000000f0800000,0x00000000f0a371e8,0x00000000f0a80000)
  to   space 5120K, 0% used [0x00000000f0080000,0x00000000f0080000,0x00000000f0580000)
 ParOldGen       total 56320K, used 11645K [0x00000000a3c00000, 0x00000000a7300000, 0x00000000e1400000)
  object space 56320K, 20% used [0x00000000a3c00000,0x00000000a475f640,0x00000000a7300000)
 Metaspace       used 22974K, capacity 24636K, committed 24704K, reserved 1071104K
  class space    used 3110K, capacity 3397K, committed 3456K, reserved 1048576K
}
Event: 191,046 GC heap before
{Heap before GC invocations=26 (full 1):
 PSYoungGen      total 243712K, used 243420K [0x00000000e1400000, 0x00000000f0a80000, 0x0000000100000000)
  eden space 241152K, 100% used [0x00000000e1400000,0x00000000eff80000,0x00000000eff80000)
  from space 2560K, 88% used [0x00000000f0800000,0x00000000f0a371e8,0x00000000f0a80000)
  to   space 5120K, 0% used [0x00000000f0080000,0x00000000f0080000,0x00000000f0580000)
 ParOldGen       total 56320K, used 11645K [0x00000000a3c00000, 0x00000000a7300000, 0x00000000e1400000)
  object space 56320K, 20% used [0x00000000a3c00000,0x00000000a475f640,0x00000000a7300000)
 Metaspace       used 22974K, capacity 24636K, committed 24704K, reserved 1071104K
  class space    used 3110K, capacity 3397K, committed 3456K, reserved 1048576K
Event: 191,051 GC heap after
Heap after GC invocations=26 (full 1):
 PSYoungGen      total 247296K, used 1688K [0x00000000e1400000, 0x00000000f2100000, 0x0000000100000000)
  eden space 242176K, 0% used [0x00000000e1400000,0x00000000e1400000,0x00000000f0080000)
  from space 5120K, 32% used [0x00000000f0080000,0x00000000f02261b8,0x00000000f0580000)
  to   space 4608K, 0% used [0x00000000f1c80000,0x00000000f1c80000,0x00000000f2100000)
 ParOldGen       total 56320K, used 11645K [0x00000000a3c00000, 0x00000000a7300000, 0x00000000e1400000)
  object space 56320K, 20% used [0x00000000a3c00000,0x00000000a475f640,0x00000000a7300000)
 Metaspace       used 22974K, capacity 24636K, committed 24704K, reserved 1071104K
  class space    used 3110K, capacity 3397K, committed 3456K, reserved 1048576K
}
Event: 192,674 GC heap before
{Heap before GC invocations=27 (full 1):
 PSYoungGen      total 247296K, used 243864K [0x00000000e1400000, 0x00000000f2100000, 0x0000000100000000)
  eden space 242176K, 100% used [0x00000000e1400000,0x00000000f0080000,0x00000000f0080000)
  from space 5120K, 32% used [0x00000000f0080000,0x00000000f02261b8,0x00000000f0580000)
  to   space 4608K, 0% used [0x00000000f1c80000,0x00000000f1c80000,0x00000000f2100000)
 ParOldGen       total 56320K, used 11645K [0x00000000a3c00000, 0x00000000a7300000, 0x00000000e1400000)
  object space 56320K, 20% used [0x00000000a3c00000,0x00000000a475f640,0x00000000a7300000)
 Metaspace       used 22974K, capacity 24636K, committed 24704K, reserved 1071104K
  class space    used 3110K, capacity 3397K, committed 3456K, reserved 1048576K
Event: 192,691 GC heap after
Heap after GC invocations=27 (full 1):
 PSYoungGen      total 270848K, used 2018K [0x00000000e1400000, 0x00000000f2280000, 0x0000000100000000)
  eden space 266240K, 0% used [0x00000000e1400000,0x00000000e1400000,0x00000000f1800000)
  from space 4608K, 43% used [0x00000000f1c80000,0x00000000f1e78980,0x00000000f2100000)
  to   space 4608K, 0% used [0x00000000f1800000,0x00000000f1800000,0x00000000f1c80000)
 ParOldGen       total 56320K, used 11645K [0x00000000a3c00000, 0x00000000a7300000, 0x00000000e1400000)
  object space 56320K, 20% used [0x00000000a3c00000,0x00000000a475f640,0x00000000a7300000)
 Metaspace       used 22974K, capacity 24636K, committed 24704K, reserved 1071104K
  class space    used 3110K, capacity 3397K, committed 3456K, reserved 1048576K
}
Event: 194,119 GC heap before
{Heap before GC invocations=28 (full 1):
 PSYoungGen      total 270848K, used 268258K [0x00000000e1400000, 0x00000000f2280000, 0x0000000100000000)
  eden space 266240K, 100% used [0x00000000e1400000,0x00000000f1800000,0x00000000f1800000)
  from space 4608K, 43% used [0x00000000f1c80000,0x00000000f1e78980,0x00000000f2100000)
  to   space 4608K, 0% used [0x00000000f1800000,0x00000000f1800000,0x00000000f1c80000)
 ParOldGen       total 56320K, used 11645K [0x00000000a3c00000, 0x00000000a7300000, 0x00000000e1400000)
  object space 56320K, 20% used [0x00000000a3c00000,0x00000000a475f640,0x00000000a7300000)
 Metaspace       used 22975K, capacity 24636K, committed 24704K, reserved 1071104K
  class space    used 3110K, capacity 3397K, committed 3456K, reserved 1048576K
Event: 194,145 GC heap after
Heap after GC invocations=28 (full 1):
 PSYoungGen      total 270848K, used 2933K [0x00000000e1400000, 0x00000000f4080000, 0x0000000100000000)
  eden space 266240K, 0% used [0x00000000e1400000,0x00000000e1400000,0x00000000f1800000)
  from space 4608K, 63% used [0x00000000f1800000,0x00000000f1add700,0x00000000f1c80000)
  to   space 4608K, 0% used [0x00000000f3c00000,0x00000000f3c00000,0x00000000f4080000)
 ParOldGen       total 56320K, used 11645K [0x00000000a3c00000, 0x00000000a7300000, 0x00000000e1400000)
  object space 56320K, 20% used [0x00000000a3c00000,0x00000000a475f640,0x00000000a7300000)
 Metaspace       used 22975K, capacity 24636K, committed 24704K, reserved 1071104K
  class space    used 3110K, capacity 3397K, committed 3456K, reserved 1048576K
}
Event: 195,773 GC heap before
{Heap before GC invocations=29 (full 1):
 PSYoungGen      total 270848K, used 269173K [0x00000000e1400000, 0x00000000f4080000, 0x0000000100000000)
  eden space 266240K, 100% used [0x00000000e1400000,0x00000000f1800000,0x00000000f1800000)
  from space 4608K, 63% used [0x00000000f1800000,0x00000000f1add700,0x00000000f1c80000)
  to   space 4608K, 0% used [0x00000000f3c00000,0x00000000f3c00000,0x00000000f4080000)
 ParOldGen       total 56320K, used 11645K [0x00000000a3c00000, 0x00000000a7300000, 0x00000000e1400000)
  object space 56320K, 20% used [0x00000000a3c00000,0x00000000a475f640,0x00000000a7300000)
 Metaspace       used 22975K, capacity 24636K, committed 24704K, reserved 1071104K
  class space    used 3110K, capacity 3397K, committed 3456K, reserved 1048576K
Event: 195,865 GC heap after
Heap after GC invocations=29 (full 1):
 PSYoungGen      total 303104K, used 1212K [0x00000000e1400000, 0x00000000f4d00000, 0x0000000100000000)
  eden space 298496K, 0% used [0x00000000e1400000,0x00000000e1400000,0x00000000f3780000)
  from space 4608K, 26% used [0x00000000f3c00000,0x00000000f3d2f210,0x00000000f4080000)
  to   space 4608K, 0% used [0x00000000f3780000,0x00000000f3780000,0x00000000f3c00000)
 ParOldGen       total 56320K, used 11645K [0x00000000a3c00000, 0x00000000a7300000, 0x00000000e1400000)
  object space 56320K, 20% used [0x00000000a3c00000,0x00000000a475f640,0x00000000a7300000)
 Metaspace       used 22975K, capacity 24636K, committed 24704K, reserved 1071104K
  class space    used 3110K, capacity 3397K, committed 3456K, reserved 1048576K
}
Event: 197,816 GC heap before
{Heap before GC invocations=30 (full 1):
 PSYoungGen      total 303104K, used 299708K [0x00000000e1400000, 0x00000000f4d00000, 0x0000000100000000)
  eden space 298496K, 100% used [0x00000000e1400000,0x00000000f3780000,0x00000000f3780000)
  from space 4608K, 26% used [0x00000000f3c00000,0x00000000f3d2f210,0x00000000f4080000)
  to   space 4608K, 0% used [0x00000000f3780000,0x00000000f3780000,0x00000000f3c00000)
 ParOldGen       total 56320K, used 11645K [0x00000000a3c00000, 0x00000000a7300000, 0x00000000e1400000)
  object space 56320K, 20% used [0x00000000a3c00000,0x00000000a475f640,0x00000000a7300000)
 Metaspace       used 22975K, capacity 24636K, committed 24704K, reserved 1071104K
  class space    used 3110K, capacity 3397K, committed 3456K, reserved 1048576K

