# JRE version: Java(TM) SE Runtime Environment (8.0_40-b25) (build 1.8.0_40-b25)
# Java VM: Java HotSpot(TM) 64-Bit Server VM (25.40-b25 mixed mode linux-amd64 compressed oops)
Heap:
 PSYoungGen      total 496640K, used 96K [0x00000000e1400000, 0x00000000ffe80000, 0x0000000100000000)
  eden space 491008K, 0% used [0x00000000e1400000,0x00000000e1400000,0x00000000ff380000)
  from space 5632K, 1% used [0x00000000ff380000,0x00000000ff398000,0x00000000ff900000)
  to   space 4608K, 0% used [0x00000000ffa00000,0x00000000ffa00000,0x00000000ffe80000)
 ParOldGen       total 99840K, used 25142K [0x00000000a3c00000, 0x00000000a9d80000, 0x00000000e1400000)
  object space 99840K, 25% used [0x00000000a3c00000,0x00000000a548dab8,0x00000000a9d80000)
 Metaspace       used 22885K, capacity 24548K, committed 24704K, reserved 1071104K
  class space    used 3097K, capacity 3375K, committed 3456K, reserved 1048576K
GC Heap History (10 events):
Event: 2132,664 GC heap after
Heap after GC invocations=182 (full 4):
 PSYoungGen      total 492032K, used 224K [0x00000000e1400000, 0x00000000ffd80000, 0x0000000100000000)
  eden space 485888K, 0% used [0x00000000e1400000,0x00000000e1400000,0x00000000fee80000)
  from space 6144K, 3% used [0x00000000ff780000,0x00000000ff7b8000,0x00000000ffd80000)
  to   space 7680K, 0% used [0x00000000fee80000,0x00000000fee80000,0x00000000ff600000)
 ParOldGen       total 99840K, used 25142K [0x00000000a3c00000, 0x00000000a9d80000, 0x00000000e1400000)
  object space 99840K, 25% used [0x00000000a3c00000,0x00000000a548dab8,0x00000000a9d80000)
 Metaspace       used 22885K, capacity 24548K, committed 24704K, reserved 1071104K
  class space    used 3097K, capacity 3375K, committed 3456K, reserved 1048576K
}
Event: 2137,256 GC heap before
{Heap before GC invocations=183 (full 4):
 PSYoungGen      total 492032K, used 486112K [0x00000000e1400000, 0x00000000ffd80000, 0x0000000100000000)
  eden space 485888K, 100% used [0x00000000e1400000,0x00000000fee80000,0x00000000fee80000)
  from space 6144K, 3% used [0x00000000ff780000,0x00000000ff7b8000,0x00000000ffd80000)
  to   space 7680K, 0% used [0x00000000fee80000,0x00000000fee80000,0x00000000ff600000)
 ParOldGen       total 99840K, used 25142K [0x00000000a3c00000, 0x00000000a9d80000, 0x00000000e1400000)
  object space 99840K, 25% used [0x00000000a3c00000,0x00000000a548dab8,0x00000000a9d80000)
 Metaspace       used 22885K, capacity 24548K, committed 24704K, reserved 1071104K
  class space    used 3097K, capacity 3375K, committed 3456K, reserved 1048576K
Event: 2137,268 GC heap after
Heap after GC invocations=183 (full 4):
 PSYoungGen      total 493568K, used 64K [0x00000000e1400000, 0x0000000100000000, 0x0000000100000000)
  eden space 485888K, 0% used [0x00000000e1400000,0x00000000e1400000,0x00000000fee80000)
  from space 7680K, 0% used [0x00000000fee80000,0x00000000fee90000,0x00000000ff600000)
  to   space 7168K, 0% used [0x00000000ff900000,0x00000000ff900000,0x0000000100000000)
 ParOldGen       total 99840K, used 25142K [0x00000000a3c00000, 0x00000000a9d80000, 0x00000000e1400000)
  object space 99840K, 25% used [0x00000000a3c00000,0x00000000a548dab8,0x00000000a9d80000)
 Metaspace       used 22885K, capacity 24548K, committed 24704K, reserved 1071104K
  class space    used 3097K, capacity 3375K, committed 3456K, reserved 1048576K
}
Event: 2142,774 GC heap before
{Heap before GC invocations=184 (full 4):
 PSYoungGen      total 493568K, used 485952K [0x00000000e1400000, 0x0000000100000000, 0x0000000100000000)
  eden space 485888K, 100% used [0x00000000e1400000,0x00000000fee80000,0x00000000fee80000)
  from space 7680K, 0% used [0x00000000fee80000,0x00000000fee90000,0x00000000ff600000)
  to   space 7168K, 0% used [0x00000000ff900000,0x00000000ff900000,0x0000000100000000)
 ParOldGen       total 99840K, used 25142K [0x00000000a3c00000, 0x00000000a9d80000, 0x00000000e1400000)
  object space 99840K, 25% used [0x00000000a3c00000,0x00000000a548dab8,0x00000000a9d80000)
 Metaspace       used 22885K, capacity 24548K, committed 24704K, reserved 1071104K
  class space    used 3097K, capacity 3375K, committed 3456K, reserved 1048576K
Event: 2147,891 GC heap after
Heap after GC invocations=184 (full 4):
 PSYoungGen      total 494592K, used 96K [0x00000000e1400000, 0x00000000ffe80000, 0x0000000100000000)
  eden space 488960K, 0% used [0x00000000e1400000,0x00000000e1400000,0x00000000ff180000)
  from space 5632K, 1% used [0x00000000ff900000,0x00000000ff918000,0x00000000ffe80000)
  to   space 6656K, 0% used [0x00000000ff180000,0x00000000ff180000,0x00000000ff800000)
 ParOldGen       total 99840K, used 25142K [0x00000000a3c00000, 0x00000000a9d80000, 0x00000000e1400000)
  object space 99840K, 25% used [0x00000000a3c00000,0x00000000a548dab8,0x00000000a9d80000)
 Metaspace       used 22885K, capacity 24548K, committed 24704K, reserved 1071104K
  class space    used 3097K, capacity 3375K, committed 3456K, reserved 1048576K
}
Event: 2154,465 GC heap before
{Heap before GC invocations=185 (full 4):
 PSYoungGen      total 494592K, used 489056K [0x00000000e1400000, 0x00000000ffe80000, 0x0000000100000000)
  eden space 488960K, 100% used [0x00000000e1400000,0x00000000ff180000,0x00000000ff180000)
  from space 5632K, 1% used [0x00000000ff900000,0x00000000ff918000,0x00000000ffe80000)
  to   space 6656K, 0% used [0x00000000ff180000,0x00000000ff180000,0x00000000ff800000)
 ParOldGen       total 99840K, used 25142K [0x00000000a3c00000, 0x00000000a9d80000, 0x00000000e1400000)
  object space 99840K, 25% used [0x00000000a3c00000,0x00000000a548dab8,0x00000000a9d80000)
 Metaspace       used 22885K, capacity 24548K, committed 24704K, reserved 1071104K
  class space    used 3097K, capacity 3375K, committed 3456K, reserved 1048576K
Event: 2158,641 GC heap after
Heap after GC invocations=185 (full 4):
 PSYoungGen      total 495616K, used 64K [0x00000000e1400000, 0x0000000100000000, 0x0000000100000000)
  eden space 488960K, 0% used [0x00000000e1400000,0x00000000e1400000,0x00000000ff180000)
  from space 6656K, 0% used [0x00000000ff180000,0x00000000ff190000,0x00000000ff800000)
  to   space 6144K, 0% used [0x00000000ffa00000,0x00000000ffa00000,0x0000000100000000)
 ParOldGen       total 99840K, used 25142K [0x00000000a3c00000, 0x00000000a9d80000, 0x00000000e1400000)
  object space 99840K, 25% used [0x00000000a3c00000,0x00000000a548dab8,0x00000000a9d80000)
 Metaspace       used 22885K, capacity 24548K, committed 24704K, reserved 1071104K
  class space    used 3097K, capacity 3375K, committed 3456K, reserved 1048576K
}
Event: 2165,113 GC heap before
{Heap before GC invocations=186 (full 4):
 PSYoungGen      total 495616K, used 489024K [0x00000000e1400000, 0x0000000100000000, 0x0000000100000000)
  eden space 488960K, 100% used [0x00000000e1400000,0x00000000ff180000,0x00000000ff180000)
  from space 6656K, 0% used [0x00000000ff180000,0x00000000ff190000,0x00000000ff800000)
  to   space 6144K, 0% used [0x00000000ffa00000,0x00000000ffa00000,0x0000000100000000)
 ParOldGen       total 99840K, used 25142K [0x00000000a3c00000, 0x00000000a9d80000, 0x00000000e1400000)
  object space 99840K, 25% used [0x00000000a3c00000,0x00000000a548dab8,0x00000000a9d80000)
 Metaspace       used 22885K, capacity 24548K, committed 24704K, reserved 1071104K
  class space    used 3097K, capacity 3375K, committed 3456K, reserved 1048576K
Event: 2167,041 GC heap after
Heap after GC invocations=186 (full 4):
 PSYoungGen      total 495616K, used 96K [0x00000000e1400000, 0x00000000ffe80000, 0x0000000100000000)
  eden space 491008K, 0% used [0x00000000e1400000,0x00000000e1400000,0x00000000ff380000)
  from space 4608K, 2% used [0x00000000ffa00000,0x00000000ffa18000,0x00000000ffe80000)
  to   space 5632K, 0% used [0x00000000ff380000,0x00000000ff380000,0x00000000ff900000)
 ParOldGen       total 99840K, used 25142K [0x00000000a3c00000, 0x00000000a9d80000, 0x00000000e1400000)
  object space 99840K, 25% used [0x00000000a3c00000,0x00000000a548dab8,0x00000000a9d80000)
 Metaspace       used 22885K, capacity 24548K, committed 24704K, reserved 1071104K
  class space    used 3097K, capacity 3375K, committed 3456K, reserved 1048576K
}
Event: 2172,699 GC heap before
{Heap before GC invocations=187 (full 4):
 PSYoungGen      total 495616K, used 491103K [0x00000000e1400000, 0x00000000ffe80000, 0x0000000100000000)
  eden space 491008K, 99% used [0x00000000e1400000,0x00000000ff37fff0,0x00000000ff380000)
  from space 4608K, 2% used [0x00000000ffa00000,0x00000000ffa18000,0x00000000ffe80000)
  to   space 5632K, 0% used [0x00000000ff380000,0x00000000ff380000,0x00000000ff900000)
 ParOldGen       total 99840K, used 25142K [0x00000000a3c00000, 0x00000000a9d80000, 0x00000000e1400000)
  object space 99840K, 25% used [0x00000000a3c00000,0x00000000a548dab8,0x00000000a9d80000)
 Metaspace       used 22885K, capacity 24548K, committed 24704K, reserved 1071104K
  class space    used 3097K, capacity 3375K, committed 3456K, reserved 1048576K

