# JRE version: Java(TM) SE Runtime Environment (8.0_25-b17) (build 1.8.0_25-b17)
# Java VM: Java HotSpot(TM) 64-Bit Server VM (25.25-b02 mixed mode linux-amd64 compressed oops)
Heap:
 PSYoungGen      total 28160K, used 11837K [0x00000000e1400000, 0x00000000e3300000, 0x0000000100000000)
  eden space 24576K, 48% used [0x00000000e1400000,0x00000000e1f8f540,0x00000000e2c00000)
  from space 3584K, 0% used [0x00000000e2c00000,0x00000000e2c00000,0x00000000e2f80000)
  to   space 3584K, 0% used [0x00000000e2f80000,0x00000000e2f80000,0x00000000e3300000)
 ParOldGen       total 39936K, used 9600K [0x00000000a3c00000, 0x00000000a6300000, 0x00000000e1400000)
  object space 39936K, 24% used [0x00000000a3c00000,0x00000000a4560090,0x00000000a6300000)
 Metaspace       used 20331K, capacity 21816K, committed 21888K, reserved 1069056K
  class space    used 2948K, capacity 3169K, committed 3200K, reserved 1048576K
GC Heap History (8 events):
Event: 16,133 GC heap before
{Heap before GC invocations=1 (full 0):
 PSYoungGen      total 28160K, used 24576K [0x00000000e1400000, 0x00000000e3300000, 0x0000000100000000)
  eden space 24576K, 100% used [0x00000000e1400000,0x00000000e2c00000,0x00000000e2c00000)
  from space 3584K, 0% used [0x00000000e2f80000,0x00000000e2f80000,0x00000000e3300000)
  to   space 3584K, 0% used [0x00000000e2c00000,0x00000000e2c00000,0x00000000e2f80000)
 ParOldGen       total 64512K, used 0K [0x00000000a3c00000, 0x00000000a7b00000, 0x00000000e1400000)
  object space 64512K, 0% used [0x00000000a3c00000,0x00000000a3c00000,0x00000000a7b00000)
 Metaspace       used 10470K, capacity 10872K, committed 11008K, reserved 1058816K
  class space    used 1392K, capacity 1515K, committed 1536K, reserved 1048576K
Event: 16,140 GC heap after
Heap after GC invocations=1 (full 0):
 PSYoungGen      total 28160K, used 3376K [0x00000000e1400000, 0x00000000e3300000, 0x0000000100000000)
  eden space 24576K, 0% used [0x00000000e1400000,0x00000000e1400000,0x00000000e2c00000)
  from space 3584K, 94% used [0x00000000e2c00000,0x00000000e2f4c030,0x00000000e2f80000)
  to   space 3584K, 0% used [0x00000000e2f80000,0x00000000e2f80000,0x00000000e3300000)
 ParOldGen       total 64512K, used 80K [0x00000000a3c00000, 0x00000000a7b00000, 0x00000000e1400000)
  object space 64512K, 0% used [0x00000000a3c00000,0x00000000a3c14010,0x00000000a7b00000)
 Metaspace       used 10470K, capacity 10872K, committed 11008K, reserved 1058816K
  class space    used 1392K, capacity 1515K, committed 1536K, reserved 1048576K
}
Event: 19,361 GC heap before
{Heap before GC invocations=2 (full 0):
 PSYoungGen      total 28160K, used 27952K [0x00000000e1400000, 0x00000000e3300000, 0x0000000100000000)
  eden space 24576K, 100% used [0x00000000e1400000,0x00000000e2c00000,0x00000000e2c00000)
  from space 3584K, 94% used [0x00000000e2c00000,0x00000000e2f4c030,0x00000000e2f80000)
  to   space 3584K, 0% used [0x00000000e2f80000,0x00000000e2f80000,0x00000000e3300000)
 ParOldGen       total 64512K, used 80K [0x00000000a3c00000, 0x00000000a7b00000, 0x00000000e1400000)
  object space 64512K, 0% used [0x00000000a3c00000,0x00000000a3c14010,0x00000000a7b00000)
 Metaspace       used 15858K, capacity 16704K, committed 16896K, reserved 1062912K
  class space    used 2353K, capacity 2505K, committed 2560K, reserved 1048576K
Event: 19,371 GC heap after
Heap after GC invocations=2 (full 0):
 PSYoungGen      total 28160K, used 3568K [0x00000000e1400000, 0x00000000e3300000, 0x0000000100000000)
  eden space 24576K, 0% used [0x00000000e1400000,0x00000000e1400000,0x00000000e2c00000)
  from space 3584K, 99% used [0x00000000e2f80000,0x00000000e32fc030,0x00000000e3300000)
  to   space 3584K, 0% used [0x00000000e2c00000,0x00000000e2c00000,0x00000000e2f80000)
 ParOldGen       total 64512K, used 1832K [0x00000000a3c00000, 0x00000000a7b00000, 0x00000000e1400000)
  object space 64512K, 2% used [0x00000000a3c00000,0x00000000a3dca2f0,0x00000000a7b00000)
 Metaspace       used 15858K, capacity 16704K, committed 16896K, reserved 1062912K
  class space    used 2353K, capacity 2505K, committed 2560K, reserved 1048576K
}
Event: 26,473 GC heap before
{Heap before GC invocations=3 (full 0):
 PSYoungGen      total 28160K, used 25265K [0x00000000e1400000, 0x00000000e3300000, 0x0000000100000000)
  eden space 24576K, 88% used [0x00000000e1400000,0x00000000e2930458,0x00000000e2c00000)
  from space 3584K, 99% used [0x00000000e2f80000,0x00000000e32fc030,0x00000000e3300000)
  to   space 3584K, 0% used [0x00000000e2c00000,0x00000000e2c00000,0x00000000e2f80000)
 ParOldGen       total 64512K, used 1832K [0x00000000a3c00000, 0x00000000a7b00000, 0x00000000e1400000)
  object space 64512K, 2% used [0x00000000a3c00000,0x00000000a3dca2f0,0x00000000a7b00000)
 Metaspace       used 19818K, capacity 21234K, committed 21296K, reserved 1067008K
  class space    used 2920K, capacity 3160K, committed 3200K, reserved 1048576K
Event: 26,493 GC heap after
Heap after GC invocations=3 (full 0):
 PSYoungGen      total 28160K, used 3552K [0x00000000e1400000, 0x00000000e3300000, 0x0000000100000000)
  eden space 24576K, 0% used [0x00000000e1400000,0x00000000e1400000,0x00000000e2c00000)
  from space 3584K, 99% used [0x00000000e2c00000,0x00000000e2f78058,0x00000000e2f80000)
  to   space 3584K, 0% used [0x00000000e2f80000,0x00000000e2f80000,0x00000000e3300000)
 ParOldGen       total 64512K, used 6586K [0x00000000a3c00000, 0x00000000a7b00000, 0x00000000e1400000)
  object space 64512K, 10% used [0x00000000a3c00000,0x00000000a426e830,0x00000000a7b00000)
 Metaspace       used 19818K, capacity 21234K, committed 21296K, reserved 1067008K
  class space    used 2920K, capacity 3160K, committed 3200K, reserved 1048576K
}
Event: 26,493 GC heap before
{Heap before GC invocations=4 (full 1):
 PSYoungGen      total 28160K, used 3552K [0x00000000e1400000, 0x00000000e3300000, 0x0000000100000000)
  eden space 24576K, 0% used [0x00000000e1400000,0x00000000e1400000,0x00000000e2c00000)
  from space 3584K, 99% used [0x00000000e2c00000,0x00000000e2f78058,0x00000000e2f80000)
  to   space 3584K, 0% used [0x00000000e2f80000,0x00000000e2f80000,0x00000000e3300000)
 ParOldGen       total 64512K, used 6586K [0x00000000a3c00000, 0x00000000a7b00000, 0x00000000e1400000)
  object space 64512K, 10% used [0x00000000a3c00000,0x00000000a426e830,0x00000000a7b00000)
 Metaspace       used 19818K, capacity 21234K, committed 21296K, reserved 1067008K
  class space    used 2920K, capacity 3160K, committed 3200K, reserved 1048576K
Event: 26,676 GC heap after
Heap after GC invocations=4 (full 1):
 PSYoungGen      total 28160K, used 0K [0x00000000e1400000, 0x00000000e3300000, 0x0000000100000000)
  eden space 24576K, 0% used [0x00000000e1400000,0x00000000e1400000,0x00000000e2c00000)
  from space 3584K, 0% used [0x00000000e2c00000,0x00000000e2c00000,0x00000000e2f80000)
  to   space 3584K, 0% used [0x00000000e2f80000,0x00000000e2f80000,0x00000000e3300000)
 ParOldGen       total 39936K, used 9600K [0x00000000a3c00000, 0x00000000a6300000, 0x00000000e1400000)
  object space 39936K, 24% used [0x00000000a3c00000,0x00000000a4560090,0x00000000a6300000)
 Metaspace       used 19816K, capacity 21232K, committed 21296K, reserved 1067008K
  class space    used 2919K, capacity 3159K, committed 3200K, reserved 1048576K
}

