# JRE version: Java(TM) SE Runtime Environment (8.0_40-b25) (build 1.8.0_40-b25)
# Java VM: Java HotSpot(TM) 64-Bit Server VM (25.40-b25 mixed mode linux-amd64 compressed oops)
Heap:
 PSYoungGen      total 487424K, used 482068K [0x00000000e1400000, 0x0000000100000000, 0x0000000100000000)
  eden space 472064K, 100% used [0x00000000e1400000,0x00000000fe100000,0x00000000fe100000)
  from space 15360K, 65% used [0x00000000ff100000,0x00000000ffac52e0,0x0000000100000000)
  to   space 15872K, 0% used [0x00000000fe100000,0x00000000fe100000,0x00000000ff080000)
 ParOldGen       total 65536K, used 65535K [0x00000000a3c00000, 0x00000000a7c00000, 0x00000000e1400000)
  object space 65536K, 99% used [0x00000000a3c00000,0x00000000a7bffff0,0x00000000a7c00000)
 Metaspace       used 22864K, capacity 24515K, committed 24652K, reserved 1071104K
  class space    used 3108K, capacity 3397K, committed 3404K, reserved 1048576K
GC Heap History (10 events):
Event: 405,004 GC heap before
{Heap before GC invocations=131 (full 1):
 PSYoungGen      total 487936K, used 481949K [0x00000000e1400000, 0x0000000100000000, 0x0000000100000000)
  eden space 472576K, 100% used [0x00000000e1400000,0x00000000fe180000,0x00000000fe180000)
  from space 15360K, 61% used [0x00000000fe180000,0x00000000feaa75e0,0x00000000ff080000)
  to   space 15360K, 0% used [0x00000000ff100000,0x00000000ff100000,0x0000000100000000)
 ParOldGen       total 56832K, used 47846K [0x00000000a3c00000, 0x00000000a7380000, 0x00000000e1400000)
  object space 56832K, 84% used [0x00000000a3c00000,0x00000000a6ab9b28,0x00000000a7380000)
 Metaspace       used 22864K, capacity 24515K, committed 24652K, reserved 1071104K
  class space    used 3108K, capacity 3397K, committed 3404K, reserved 1048576K
Event: 405,045 GC heap after
Heap after GC invocations=131 (full 1):
 PSYoungGen      total 487424K, used 7080K [0x00000000e1400000, 0x00000000fff00000, 0x0000000100000000)
  eden space 473088K, 0% used [0x00000000e1400000,0x00000000e1400000,0x00000000fe200000)
  from space 14336K, 49% used [0x00000000ff100000,0x00000000ff7ea120,0x00000000fff00000)
  to   space 14848K, 0% used [0x00000000fe200000,0x00000000fe200000,0x00000000ff080000)
 ParOldGen       total 56832K, used 47854K [0x00000000a3c00000, 0x00000000a7380000, 0x00000000e1400000)
  object space 56832K, 84% used [0x00000000a3c00000,0x00000000a6abbb28,0x00000000a7380000)
 Metaspace       used 22864K, capacity 24515K, committed 24652K, reserved 1071104K
  class space    used 3108K, capacity 3397K, committed 3404K, reserved 1048576K
}
Event: 408,289 GC heap before
{Heap before GC invocations=132 (full 1):
 PSYoungGen      total 487424K, used 480168K [0x00000000e1400000, 0x00000000fff00000, 0x0000000100000000)
  eden space 473088K, 100% used [0x00000000e1400000,0x00000000fe200000,0x00000000fe200000)
  from space 14336K, 49% used [0x00000000ff100000,0x00000000ff7ea120,0x00000000fff00000)
  to   space 14848K, 0% used [0x00000000fe200000,0x00000000fe200000,0x00000000ff080000)
 ParOldGen       total 56832K, used 47854K [0x00000000a3c00000, 0x00000000a7380000, 0x00000000e1400000)
  object space 56832K, 84% used [0x00000000a3c00000,0x00000000a6abbb28,0x00000000a7380000)
 Metaspace       used 22864K, capacity 24515K, committed 24652K, reserved 1071104K
  class space    used 3108K, capacity 3397K, committed 3404K, reserved 1048576K
Event: 408,299 GC heap after
Heap after GC invocations=132 (full 1):
 PSYoungGen      total 487936K, used 3323K [0x00000000e1400000, 0x0000000100000000, 0x0000000100000000)
  eden space 473088K, 0% used [0x00000000e1400000,0x00000000e1400000,0x00000000fe200000)
  from space 14848K, 22% used [0x00000000fe200000,0x00000000fe53ecb0,0x00000000ff080000)
  to   space 14848K, 0% used [0x00000000ff180000,0x00000000ff180000,0x0000000100000000)
 ParOldGen       total 56832K, used 47862K [0x00000000a3c00000, 0x00000000a7380000, 0x00000000e1400000)
  object space 56832K, 84% used [0x00000000a3c00000,0x00000000a6abdb28,0x00000000a7380000)
 Metaspace       used 22864K, capacity 24515K, committed 24652K, reserved 1071104K
  class space    used 3108K, capacity 3397K, committed 3404K, reserved 1048576K
}
Event: 410,656 GC heap before
{Heap before GC invocations=133 (full 1):
 PSYoungGen      total 487936K, used 476411K [0x00000000e1400000, 0x0000000100000000, 0x0000000100000000)
  eden space 473088K, 100% used [0x00000000e1400000,0x00000000fe200000,0x00000000fe200000)
  from space 14848K, 22% used [0x00000000fe200000,0x00000000fe53ecb0,0x00000000ff080000)
  to   space 14848K, 0% used [0x00000000ff180000,0x00000000ff180000,0x0000000100000000)
 ParOldGen       total 56832K, used 47862K [0x00000000a3c00000, 0x00000000a7380000, 0x00000000e1400000)
  object space 56832K, 84% used [0x00000000a3c00000,0x00000000a6abdb28,0x00000000a7380000)
 Metaspace       used 22864K, capacity 24515K, committed 24652K, reserved 1071104K
  class space    used 3108K, capacity 3397K, committed 3404K, reserved 1048576K
Event: 410,694 GC heap after
Heap after GC invocations=133 (full 1):
 PSYoungGen      total 486912K, used 7155K [0x00000000e1400000, 0x00000000ffe00000, 0x0000000100000000)
  eden space 474112K, 0% used [0x00000000e1400000,0x00000000e1400000,0x00000000fe300000)
  from space 12800K, 55% used [0x00000000ff180000,0x00000000ff87cfb8,0x00000000ffe00000)
  to   space 13824K, 0% used [0x00000000fe300000,0x00000000fe300000,0x00000000ff080000)
 ParOldGen       total 56832K, used 47878K [0x00000000a3c00000, 0x00000000a7380000, 0x00000000e1400000)
  object space 56832K, 84% used [0x00000000a3c00000,0x00000000a6ac1b28,0x00000000a7380000)
 Metaspace       used 22864K, capacity 24515K, committed 24652K, reserved 1071104K
  class space    used 3108K, capacity 3397K, committed 3404K, reserved 1048576K
}
Event: 413,753 GC heap before
{Heap before GC invocations=134 (full 1):
 PSYoungGen      total 486912K, used 481267K [0x00000000e1400000, 0x00000000ffe00000, 0x0000000100000000)
  eden space 474112K, 100% used [0x00000000e1400000,0x00000000fe300000,0x00000000fe300000)
  from space 12800K, 55% used [0x00000000ff180000,0x00000000ff87cfb8,0x00000000ffe00000)
  to   space 13824K, 0% used [0x00000000fe300000,0x00000000fe300000,0x00000000ff080000)
 ParOldGen       total 56832K, used 47878K [0x00000000a3c00000, 0x00000000a7380000, 0x00000000e1400000)
  object space 56832K, 84% used [0x00000000a3c00000,0x00000000a6ac1b28,0x00000000a7380000)
 Metaspace       used 22864K, capacity 24515K, committed 24652K, reserved 1071104K
  class space    used 3108K, capacity 3397K, committed 3404K, reserved 1048576K
Event: 415,736 GC heap after
Heap after GC invocations=134 (full 1):
 PSYoungGen      total 487936K, used 12356K [0x00000000e1400000, 0x0000000100000000, 0x0000000100000000)
  eden space 474112K, 0% used [0x00000000e1400000,0x00000000e1400000,0x00000000fe300000)
  from space 13824K, 89% used [0x00000000fe300000,0x00000000fef11100,0x00000000ff080000)
  to   space 15360K, 0% used [0x00000000ff100000,0x00000000ff100000,0x0000000100000000)
 ParOldGen       total 56832K, used 47886K [0x00000000a3c00000, 0x00000000a7380000, 0x00000000e1400000)
  object space 56832K, 84% used [0x00000000a3c00000,0x00000000a6ac3b28,0x00000000a7380000)
 Metaspace       used 22864K, capacity 24515K, committed 24652K, reserved 1071104K
  class space    used 3108K, capacity 3397K, committed 3404K, reserved 1048576K
}
Event: 423,693 GC heap before
{Heap before GC invocations=135 (full 1):
 PSYoungGen      total 487936K, used 486468K [0x00000000e1400000, 0x0000000100000000, 0x0000000100000000)
  eden space 474112K, 100% used [0x00000000e1400000,0x00000000fe300000,0x00000000fe300000)
  from space 13824K, 89% used [0x00000000fe300000,0x00000000fef11100,0x00000000ff080000)
  to   space 15360K, 0% used [0x00000000ff100000,0x00000000ff100000,0x0000000100000000)
 ParOldGen       total 56832K, used 47886K [0x00000000a3c00000, 0x00000000a7380000, 0x00000000e1400000)
  object space 56832K, 84% used [0x00000000a3c00000,0x00000000a6ac3b48,0x00000000a7380000)
 Metaspace       used 22864K, capacity 24515K, committed 24652K, reserved 1071104K
  class space    used 3108K, capacity 3397K, committed 3404K, reserved 1048576K
Event: 425,716 GC heap after
Heap after GC invocations=135 (full 1):
 PSYoungGen      total 487424K, used 10004K [0x00000000e1400000, 0x0000000100000000, 0x0000000100000000)
  eden space 472064K, 0% used [0x00000000e1400000,0x00000000e1400000,0x00000000fe100000)
  from space 15360K, 65% used [0x00000000ff100000,0x00000000ffac52e0,0x0000000100000000)
  to   space 15872K, 0% used [0x00000000fe100000,0x00000000fe100000,0x00000000ff080000)
 ParOldGen       total 56832K, used 47902K [0x00000000a3c00000, 0x00000000a7380000, 0x00000000e1400000)
  object space 56832K, 84% used [0x00000000a3c00000,0x00000000a6ac7b48,0x00000000a7380000)
 Metaspace       used 22864K, capacity 24515K, committed 24652K, reserved 1071104K
  class space    used 3108K, capacity 3397K, committed 3404K, reserved 1048576K
}

