# JRE version: Java(TM) SE Runtime Environment (8.0_40-b25) (build 1.8.0_40-b25)
# Java VM: Java HotSpot(TM) 64-Bit Server VM (25.40-b25 mixed mode linux-amd64 compressed oops)
Heap:
 PSYoungGen      total 498688K, used 64K [0x00000000e1400000, 0x00000000fff00000, 0x0000000100000000)
  eden space 494592K, 0% used [0x00000000e1400000,0x00000000e1400000,0x00000000ff700000)
  from space 4096K, 1% used [0x00000000ff700000,0x00000000ff710000,0x00000000ffb00000)
  to   space 3584K, 0% used [0x00000000ffb80000,0x00000000ffb80000,0x00000000fff00000)
 ParOldGen       total 79872K, used 51214K [0x00000000a3c00000, 0x00000000a8a00000, 0x00000000e1400000)
  object space 79872K, 64% used [0x00000000a3c00000,0x00000000a6e03be8,0x00000000a8a00000)
 Metaspace       used 22867K, capacity 24480K, committed 24704K, reserved 1071104K
  class space    used 3097K, capacity 3375K, committed 3456K, reserved 1048576K
GC Heap History (10 events):
Event: 2167,495 GC heap after
Heap after GC invocations=358 (full 5):
 PSYoungGen      total 496640K, used 192K [0x00000000e1400000, 0x00000000ffe80000, 0x0000000100000000)
  eden space 491008K, 0% used [0x00000000e1400000,0x00000000e1400000,0x00000000ff380000)
  from space 5632K, 3% used [0x00000000ff900000,0x00000000ff930000,0x00000000ffe80000)
  to   space 5632K, 0% used [0x00000000ff380000,0x00000000ff380000,0x00000000ff900000)
 ParOldGen       total 79872K, used 51214K [0x00000000a3c00000, 0x00000000a8a00000, 0x00000000e1400000)
  object space 79872K, 64% used [0x00000000a3c00000,0x00000000a6e03be8,0x00000000a8a00000)
 Metaspace       used 22867K, capacity 24480K, committed 24704K, reserved 1071104K
  class space    used 3097K, capacity 3375K, committed 3456K, reserved 1048576K
}
Event: 2173,601 GC heap before
{Heap before GC invocations=359 (full 5):
 PSYoungGen      total 496640K, used 491199K [0x00000000e1400000, 0x00000000ffe80000, 0x0000000100000000)
  eden space 491008K, 99% used [0x00000000e1400000,0x00000000ff37fff8,0x00000000ff380000)
  from space 5632K, 3% used [0x00000000ff900000,0x00000000ff930000,0x00000000ffe80000)
  to   space 5632K, 0% used [0x00000000ff380000,0x00000000ff380000,0x00000000ff900000)
 ParOldGen       total 79872K, used 51214K [0x00000000a3c00000, 0x00000000a8a00000, 0x00000000e1400000)
  object space 79872K, 64% used [0x00000000a3c00000,0x00000000a6e03be8,0x00000000a8a00000)
 Metaspace       used 22867K, capacity 24480K, committed 24704K, reserved 1071104K
  class space    used 3097K, capacity 3375K, committed 3456K, reserved 1048576K
Event: 2175,652 GC heap after
Heap after GC invocations=359 (full 5):
 PSYoungGen      total 496640K, used 96K [0x00000000e1400000, 0x00000000fff00000, 0x0000000100000000)
  eden space 491008K, 0% used [0x00000000e1400000,0x00000000e1400000,0x00000000ff380000)
  from space 5632K, 1% used [0x00000000ff380000,0x00000000ff398000,0x00000000ff900000)
  to   space 5120K, 0% used [0x00000000ffa00000,0x00000000ffa00000,0x00000000fff00000)
 ParOldGen       total 79872K, used 51214K [0x00000000a3c00000, 0x00000000a8a00000, 0x00000000e1400000)
  object space 79872K, 64% used [0x00000000a3c00000,0x00000000a6e03be8,0x00000000a8a00000)
 Metaspace       used 22867K, capacity 24480K, committed 24704K, reserved 1071104K
  class space    used 3097K, capacity 3375K, committed 3456K, reserved 1048576K
}
Event: 2181,553 GC heap before
{Heap before GC invocations=360 (full 5):
 PSYoungGen      total 496640K, used 491104K [0x00000000e1400000, 0x00000000fff00000, 0x0000000100000000)
  eden space 491008K, 100% used [0x00000000e1400000,0x00000000ff380000,0x00000000ff380000)
  from space 5632K, 1% used [0x00000000ff380000,0x00000000ff398000,0x00000000ff900000)
  to   space 5120K, 0% used [0x00000000ffa00000,0x00000000ffa00000,0x00000000fff00000)
 ParOldGen       total 79872K, used 51214K [0x00000000a3c00000, 0x00000000a8a00000, 0x00000000e1400000)
  object space 79872K, 64% used [0x00000000a3c00000,0x00000000a6e03be8,0x00000000a8a00000)
 Metaspace       used 22867K, capacity 24480K, committed 24704K, reserved 1071104K
  class space    used 3097K, capacity 3375K, committed 3456K, reserved 1048576K
Event: 2182,792 GC heap after
Heap after GC invocations=360 (full 5):
 PSYoungGen      total 497664K, used 96K [0x00000000e1400000, 0x00000000ffe80000, 0x0000000100000000)
  eden space 493056K, 0% used [0x00000000e1400000,0x00000000e1400000,0x00000000ff580000)
  from space 4608K, 2% used [0x00000000ffa00000,0x00000000ffa18000,0x00000000ffe80000)
  to   space 4608K, 0% used [0x00000000ff580000,0x00000000ff580000,0x00000000ffa00000)
 ParOldGen       total 79872K, used 51214K [0x00000000a3c00000, 0x00000000a8a00000, 0x00000000e1400000)
  object space 79872K, 64% used [0x00000000a3c00000,0x00000000a6e03be8,0x00000000a8a00000)
 Metaspace       used 22867K, capacity 24480K, committed 24704K, reserved 1071104K
  class space    used 3097K, capacity 3375K, committed 3456K, reserved 1048576K
}
Event: 2186,795 GC heap before
{Heap before GC invocations=361 (full 5):
 PSYoungGen      total 497664K, used 493152K [0x00000000e1400000, 0x00000000ffe80000, 0x0000000100000000)
  eden space 493056K, 100% used [0x00000000e1400000,0x00000000ff580000,0x00000000ff580000)
  from space 4608K, 2% used [0x00000000ffa00000,0x00000000ffa18000,0x00000000ffe80000)
  to   space 4608K, 0% used [0x00000000ff580000,0x00000000ff580000,0x00000000ffa00000)
 ParOldGen       total 79872K, used 51214K [0x00000000a3c00000, 0x00000000a8a00000, 0x00000000e1400000)
  object space 79872K, 64% used [0x00000000a3c00000,0x00000000a6e03be8,0x00000000a8a00000)
 Metaspace       used 22867K, capacity 24480K, committed 24704K, reserved 1071104K
  class space    used 3097K, capacity 3375K, committed 3456K, reserved 1048576K
Event: 2189,808 GC heap after
Heap after GC invocations=361 (full 5):
 PSYoungGen      total 497664K, used 128K [0x00000000e1400000, 0x0000000100000000, 0x0000000100000000)
  eden space 493056K, 0% used [0x00000000e1400000,0x00000000e1400000,0x00000000ff580000)
  from space 4608K, 2% used [0x00000000ff580000,0x00000000ff5a0000,0x00000000ffa00000)
  to   space 4608K, 0% used [0x00000000ffb80000,0x00000000ffb80000,0x0000000100000000)
 ParOldGen       total 79872K, used 51214K [0x00000000a3c00000, 0x00000000a8a00000, 0x00000000e1400000)
  object space 79872K, 64% used [0x00000000a3c00000,0x00000000a6e03be8,0x00000000a8a00000)
 Metaspace       used 22867K, capacity 24480K, committed 24704K, reserved 1071104K
  class space    used 3097K, capacity 3375K, committed 3456K, reserved 1048576K
}
Event: 2195,273 GC heap before
{Heap before GC invocations=362 (full 5):
 PSYoungGen      total 497664K, used 493184K [0x00000000e1400000, 0x0000000100000000, 0x0000000100000000)
  eden space 493056K, 100% used [0x00000000e1400000,0x00000000ff580000,0x00000000ff580000)
  from space 4608K, 2% used [0x00000000ff580000,0x00000000ff5a0000,0x00000000ffa00000)
  to   space 4608K, 0% used [0x00000000ffb80000,0x00000000ffb80000,0x0000000100000000)
 ParOldGen       total 79872K, used 51214K [0x00000000a3c00000, 0x00000000a8a00000, 0x00000000e1400000)
  object space 79872K, 64% used [0x00000000a3c00000,0x00000000a6e03be8,0x00000000a8a00000)
 Metaspace       used 22867K, capacity 24480K, committed 24704K, reserved 1071104K
  class space    used 3097K, capacity 3375K, committed 3456K, reserved 1048576K
Event: 2195,455 GC heap after
Heap after GC invocations=362 (full 5):
 PSYoungGen      total 498176K, used 192K [0x00000000e1400000, 0x00000000fff00000, 0x0000000100000000)
  eden space 494592K, 0% used [0x00000000e1400000,0x00000000e1400000,0x00000000ff700000)
  from space 3584K, 5% used [0x00000000ffb80000,0x00000000ffbb0000,0x00000000fff00000)
  to   space 4096K, 0% used [0x00000000ff700000,0x00000000ff700000,0x00000000ffb00000)
 ParOldGen       total 79872K, used 51214K [0x00000000a3c00000, 0x00000000a8a00000, 0x00000000e1400000)
  object space 79872K, 64% used [0x00000000a3c00000,0x00000000a6e03be8,0x00000000a8a00000)
 Metaspace       used 22867K, capacity 24480K, committed 24704K, reserved 1071104K
  class space    used 3097K, capacity 3375K, committed 3456K, reserved 1048576K
}
Event: 2198,806 GC heap before
{Heap before GC invocations=363 (full 5):
 PSYoungGen      total 498176K, used 494784K [0x00000000e1400000, 0x00000000fff00000, 0x0000000100000000)
  eden space 494592K, 100% used [0x00000000e1400000,0x00000000ff700000,0x00000000ff700000)
  from space 3584K, 5% used [0x00000000ffb80000,0x00000000ffbb0000,0x00000000fff00000)
  to   space 4096K, 0% used [0x00000000ff700000,0x00000000ff700000,0x00000000ffb00000)
 ParOldGen       total 79872K, used 51214K [0x00000000a3c00000, 0x00000000a8a00000, 0x00000000e1400000)
  object space 79872K, 64% used [0x00000000a3c00000,0x00000000a6e03be8,0x00000000a8a00000)
 Metaspace       used 22867K, capacity 24480K, committed 24704K, reserved 1071104K
  class space    used 3097K, capacity 3375K, committed 3456K, reserved 1048576K

